Analysis & Synthesis report for ALU
Fri Aug 26 17:04:03 2022
Quartus Prime Version 20.1.1 Build 720 11/11/2020 SJ Lite Edition


---------------------
; Table of Contents ;
---------------------
  1. Legal Notice
  2. Analysis & Synthesis Summary
  3. Analysis & Synthesis Settings
  4. Parallel Compilation
  5. Analysis & Synthesis Source Files Read
  6. Analysis & Synthesis Resource Usage Summary
  7. Analysis & Synthesis Resource Utilization by Entity
  8. Analysis & Synthesis DSP Block Usage Summary
  9. General Register Statistics
 10. Parameter Settings for User Entity Instance: Top-level Entity: |ALU
 11. Parameter Settings for User Entity Instance: Suma:sumador
 12. Parameter Settings for User Entity Instance: Resta:restador
 13. Parameter Settings for User Entity Instance: Modulo:modulador
 14. Parameter Settings for User Entity Instance: Multiplicacion:multiplicador
 15. Parameter Settings for User Entity Instance: Division:divisor
 16. Parameter Settings for User Entity Instance: AndN:ander
 17. Parameter Settings for User Entity Instance: OrN:orer
 18. Parameter Settings for User Entity Instance: XorN:xorer
 19. Parameter Settings for Inferred Entity Instance: Modulo:modulador|lpm_divide:Mod0
 20. Parameter Settings for Inferred Entity Instance: Division:divisor|lpm_divide:Div0
 21. Post-Synthesis Netlist Statistics for Top Partition
 22. Elapsed Time Per Partition
 23. Analysis & Synthesis Messages



----------------
; Legal Notice ;
----------------
Copyright (C) 2020  Intel Corporation. All rights reserved.
Your use of Intel Corporation's design tools, logic functions 
and other software and tools, and any partner logic 
functions, and any output files from any of the foregoing 
(including device programming or simulation files), and any 
associated documentation or information are expressly subject 
to the terms and conditions of the Intel Program License 
Subscription Agreement, the Intel Quartus Prime License Agreement,
the Intel FPGA IP License Agreement, or other applicable license
agreement, including, without limitation, that your use is for
the sole purpose of programming logic devices manufactured by
Intel and sold by Intel or its authorized distributors.  Please
refer to the applicable agreement for further details, at
https://fpgasoftware.intel.com/eula.



+-------------------------------------------------------------------------------+
; Analysis & Synthesis Summary                                                  ;
+---------------------------------+---------------------------------------------+
; Analysis & Synthesis Status     ; Successful - Fri Aug 26 17:04:03 2022       ;
; Quartus Prime Version           ; 20.1.1 Build 720 11/11/2020 SJ Lite Edition ;
; Revision Name                   ; ALU                                         ;
; Top-level Entity Name           ; ALU                                         ;
; Family                          ; Cyclone V                                   ;
; Logic utilization (in ALMs)     ; N/A                                         ;
; Total registers                 ; 0                                           ;
; Total pins                      ; 48                                          ;
; Total virtual pins              ; 0                                           ;
; Total block memory bits         ; 0                                           ;
; Total DSP Blocks                ; 1                                           ;
; Total HSSI RX PCSs              ; 0                                           ;
; Total HSSI PMA RX Deserializers ; 0                                           ;
; Total HSSI TX PCSs              ; 0                                           ;
; Total HSSI PMA TX Serializers   ; 0                                           ;
; Total PLLs                      ; 0                                           ;
; Total DLLs                      ; 0                                           ;
+---------------------------------+---------------------------------------------+


+---------------------------------------------------------------------------------------------------------------------------+
; Analysis & Synthesis Settings                                                                                             ;
+---------------------------------------------------------------------------------+--------------------+--------------------+
; Option                                                                          ; Setting            ; Default Value      ;
+---------------------------------------------------------------------------------+--------------------+--------------------+
; Device                                                                          ; 5CSEMA5F31C6       ;                    ;
; Top-level entity name                                                           ; ALU                ; ALU                ;
; Family name                                                                     ; Cyclone V          ; Cyclone V          ;
; Use smart compilation                                                           ; Off                ; Off                ;
; Enable parallel Assembler and Timing Analyzer during compilation                ; On                 ; On                 ;
; Enable compact report table                                                     ; Off                ; Off                ;
; Restructure Multiplexers                                                        ; Auto               ; Auto               ;
; MLAB Add Timing Constraints For Mixed-Port Feed-Through Mode Setting Don't Care ; Off                ; Off                ;
; Create Debugging Nodes for IP Cores                                             ; Off                ; Off                ;
; Preserve fewer node names                                                       ; On                 ; On                 ;
; Intel FPGA IP Evaluation Mode                                                   ; Enable             ; Enable             ;
; Verilog Version                                                                 ; Verilog_2001       ; Verilog_2001       ;
; VHDL Version                                                                    ; VHDL_1993          ; VHDL_1993          ;
; State Machine Processing                                                        ; Auto               ; Auto               ;
; Safe State Machine                                                              ; Off                ; Off                ;
; Extract Verilog State Machines                                                  ; On                 ; On                 ;
; Extract VHDL State Machines                                                     ; On                 ; On                 ;
; Ignore Verilog initial constructs                                               ; Off                ; Off                ;
; Iteration limit for constant Verilog loops                                      ; 5000               ; 5000               ;
; Iteration limit for non-constant Verilog loops                                  ; 250                ; 250                ;
; Add Pass-Through Logic to Inferred RAMs                                         ; On                 ; On                 ;
; Infer RAMs from Raw Logic                                                       ; On                 ; On                 ;
; Parallel Synthesis                                                              ; On                 ; On                 ;
; DSP Block Balancing                                                             ; Auto               ; Auto               ;
; NOT Gate Push-Back                                                              ; On                 ; On                 ;
; Power-Up Don't Care                                                             ; On                 ; On                 ;
; Remove Redundant Logic Cells                                                    ; Off                ; Off                ;
; Remove Duplicate Registers                                                      ; On                 ; On                 ;
; Ignore CARRY Buffers                                                            ; Off                ; Off                ;
; Ignore CASCADE Buffers                                                          ; Off                ; Off                ;
; Ignore GLOBAL Buffers                                                           ; Off                ; Off                ;
; Ignore ROW GLOBAL Buffers                                                       ; Off                ; Off                ;
; Ignore LCELL Buffers                                                            ; Off                ; Off                ;
; Ignore SOFT Buffers                                                             ; On                 ; On                 ;
; Limit AHDL Integers to 32 Bits                                                  ; Off                ; Off                ;
; Optimization Technique                                                          ; Balanced           ; Balanced           ;
; Carry Chain Length                                                              ; 70                 ; 70                 ;
; Auto Carry Chains                                                               ; On                 ; On                 ;
; Auto Open-Drain Pins                                                            ; On                 ; On                 ;
; Perform WYSIWYG Primitive Resynthesis                                           ; Off                ; Off                ;
; Auto ROM Replacement                                                            ; On                 ; On                 ;
; Auto RAM Replacement                                                            ; On                 ; On                 ;
; Auto DSP Block Replacement                                                      ; On                 ; On                 ;
; Auto Shift Register Replacement                                                 ; Auto               ; Auto               ;
; Allow Shift Register Merging across Hierarchies                                 ; Auto               ; Auto               ;
; Auto Clock Enable Replacement                                                   ; On                 ; On                 ;
; Strict RAM Replacement                                                          ; Off                ; Off                ;
; Allow Synchronous Control Signals                                               ; On                 ; On                 ;
; Force Use of Synchronous Clear Signals                                          ; Off                ; Off                ;
; Auto Resource Sharing                                                           ; Off                ; Off                ;
; Allow Any RAM Size For Recognition                                              ; Off                ; Off                ;
; Allow Any ROM Size For Recognition                                              ; Off                ; Off                ;
; Allow Any Shift Register Size For Recognition                                   ; Off                ; Off                ;
; Use LogicLock Constraints during Resource Balancing                             ; On                 ; On                 ;
; Ignore translate_off and synthesis_off directives                               ; Off                ; Off                ;
; Timing-Driven Synthesis                                                         ; On                 ; On                 ;
; Report Parameter Settings                                                       ; On                 ; On                 ;
; Report Source Assignments                                                       ; On                 ; On                 ;
; Report Connectivity Checks                                                      ; On                 ; On                 ;
; Ignore Maximum Fan-Out Assignments                                              ; Off                ; Off                ;
; Synchronization Register Chain Length                                           ; 3                  ; 3                  ;
; Power Optimization During Synthesis                                             ; Normal compilation ; Normal compilation ;
; HDL message level                                                               ; Level2             ; Level2             ;
; Suppress Register Optimization Related Messages                                 ; Off                ; Off                ;
; Number of Removed Registers Reported in Synthesis Report                        ; 5000               ; 5000               ;
; Number of Swept Nodes Reported in Synthesis Report                              ; 5000               ; 5000               ;
; Number of Inverted Registers Reported in Synthesis Report                       ; 100                ; 100                ;
; Clock MUX Protection                                                            ; On                 ; On                 ;
; Auto Gated Clock Conversion                                                     ; Off                ; Off                ;
; Block Design Naming                                                             ; Auto               ; Auto               ;
; SDC constraint protection                                                       ; Off                ; Off                ;
; Synthesis Effort                                                                ; Auto               ; Auto               ;
; Shift Register Replacement - Allow Asynchronous Clear Signal                    ; On                 ; On                 ;
; Pre-Mapping Resynthesis Optimization                                            ; Off                ; Off                ;
; Analysis & Synthesis Message Level                                              ; Medium             ; Medium             ;
; Disable Register Merging Across Hierarchies                                     ; Auto               ; Auto               ;
; Resource Aware Inference For Block RAM                                          ; On                 ; On                 ;
; Automatic Parallel Synthesis                                                    ; On                 ; On                 ;
; Partial Reconfiguration Bitstream ID                                            ; Off                ; Off                ;
+---------------------------------------------------------------------------------+--------------------+--------------------+


+------------------------------------------+
; Parallel Compilation                     ;
+----------------------------+-------------+
; Processors                 ; Number      ;
+----------------------------+-------------+
; Number detected on machine ; 4           ;
; Maximum allowed            ; 2           ;
;                            ;             ;
; Average used               ; 1.00        ;
; Maximum used               ; 1           ;
;                            ;             ;
; Usage by Processor         ; % Time Used ;
;     Processor 1            ; 100.0%      ;
+----------------------------+-------------+


+------------------------------------------------------------------------------------------------------------------------------------------------------------------------------------------------+
; Analysis & Synthesis Source Files Read                                                                                                                                                         ;
+----------------------------------+-----------------+------------------------------+--------------------------------------------------------------------------------------------------+---------+
; File Name with User-Entered Path ; Used in Netlist ; File Type                    ; File Name with Absolute Path                                                                     ; Library ;
+----------------------------------+-----------------+------------------------------+--------------------------------------------------------------------------------------------------+---------+
; Suma.sv                          ; yes             ; User SystemVerilog HDL File  ; C:/Users/yraul/OneDrive/Documentos/GitHub/Lab03_TallerDisenio/Quartus/Suma.sv                    ;         ;
; Resta.sv                         ; yes             ; User SystemVerilog HDL File  ; C:/Users/yraul/OneDrive/Documentos/GitHub/Lab03_TallerDisenio/Quartus/Resta.sv                   ;         ;
; Modulo.sv                        ; yes             ; User SystemVerilog HDL File  ; C:/Users/yraul/OneDrive/Documentos/GitHub/Lab03_TallerDisenio/Quartus/Modulo.sv                  ;         ;
; Multiplicacion.sv                ; yes             ; User SystemVerilog HDL File  ; C:/Users/yraul/OneDrive/Documentos/GitHub/Lab03_TallerDisenio/Quartus/Multiplicacion.sv          ;         ;
; Division.sv                      ; yes             ; User SystemVerilog HDL File  ; C:/Users/yraul/OneDrive/Documentos/GitHub/Lab03_TallerDisenio/Quartus/Division.sv                ;         ;
; AndN.sv                          ; yes             ; User SystemVerilog HDL File  ; C:/Users/yraul/OneDrive/Documentos/GitHub/Lab03_TallerDisenio/Quartus/AndN.sv                    ;         ;
; OrN.sv                           ; yes             ; User SystemVerilog HDL File  ; C:/Users/yraul/OneDrive/Documentos/GitHub/Lab03_TallerDisenio/Quartus/OrN.sv                     ;         ;
; XorN.sv                          ; yes             ; User SystemVerilog HDL File  ; C:/Users/yraul/OneDrive/Documentos/GitHub/Lab03_TallerDisenio/Quartus/XorN.sv                    ;         ;
; ALU.sv                           ; yes             ; User SystemVerilog HDL File  ; C:/Users/yraul/OneDrive/Documentos/GitHub/Lab03_TallerDisenio/Quartus/ALU.sv                     ;         ;
; lpm_divide.tdf                   ; yes             ; Megafunction                 ; c:/intelfpga_lite/20.1/quartus/libraries/megafunctions/lpm_divide.tdf                            ;         ;
; abs_divider.inc                  ; yes             ; Megafunction                 ; c:/intelfpga_lite/20.1/quartus/libraries/megafunctions/abs_divider.inc                           ;         ;
; sign_div_unsign.inc              ; yes             ; Megafunction                 ; c:/intelfpga_lite/20.1/quartus/libraries/megafunctions/sign_div_unsign.inc                       ;         ;
; aglobal201.inc                   ; yes             ; Megafunction                 ; c:/intelfpga_lite/20.1/quartus/libraries/megafunctions/aglobal201.inc                            ;         ;
; db/lpm_divide_42m.tdf            ; yes             ; Auto-Generated Megafunction  ; C:/Users/yraul/OneDrive/Documentos/GitHub/Lab03_TallerDisenio/Quartus/db/lpm_divide_42m.tdf      ;         ;
; db/sign_div_unsign_7kh.tdf       ; yes             ; Auto-Generated Megafunction  ; C:/Users/yraul/OneDrive/Documentos/GitHub/Lab03_TallerDisenio/Quartus/db/sign_div_unsign_7kh.tdf ;         ;
; db/alt_u_div_kse.tdf             ; yes             ; Auto-Generated Megafunction  ; C:/Users/yraul/OneDrive/Documentos/GitHub/Lab03_TallerDisenio/Quartus/db/alt_u_div_kse.tdf       ;         ;
; db/lpm_divide_1am.tdf            ; yes             ; Auto-Generated Megafunction  ; C:/Users/yraul/OneDrive/Documentos/GitHub/Lab03_TallerDisenio/Quartus/db/lpm_divide_1am.tdf      ;         ;
+----------------------------------+-----------------+------------------------------+--------------------------------------------------------------------------------------------------+---------+


+----------------------------------------------------------+
; Analysis & Synthesis Resource Usage Summary              ;
+---------------------------------------------+------------+
; Resource                                    ; Usage      ;
+---------------------------------------------+------------+
; Estimate of Logic utilization (ALMs needed) ; 32         ;
;                                             ;            ;
; Combinational ALUT usage for logic          ; 63         ;
;     -- 7 input functions                    ; 0          ;
;     -- 6 input functions                    ; 1          ;
;     -- 5 input functions                    ; 11         ;
;     -- 4 input functions                    ; 9          ;
;     -- <=3 input functions                  ; 42         ;
;                                             ;            ;
; Dedicated logic registers                   ; 0          ;
;                                             ;            ;
; I/O pins                                    ; 48         ;
;                                             ;            ;
; Total DSP Blocks                            ; 1          ;
;                                             ;            ;
; Maximum fan-out node                        ; B[3]~input ;
; Maximum fan-out                             ; 18         ;
; Total fan-out                               ; 277        ;
; Average fan-out                             ; 1.73       ;
+---------------------------------------------+------------+


+-----------------------------------------------------------------------------------------------------------------------------------------------------------------------------------------------------------------------------------------------------------------------------------------------------------------+
; Analysis & Synthesis Resource Utilization by Entity                                                                                                                                                                                                                                                             ;
+-------------------------------------------+---------------------+---------------------------+-------------------+------------+------+--------------+-----------------------------------------------------------------------------------------------------------------------+---------------------+--------------+
; Compilation Hierarchy Node                ; Combinational ALUTs ; Dedicated Logic Registers ; Block Memory Bits ; DSP Blocks ; Pins ; Virtual Pins ; Full Hierarchy Name                                                                                                   ; Entity Name         ; Library Name ;
+-------------------------------------------+---------------------+---------------------------+-------------------+------------+------+--------------+-----------------------------------------------------------------------------------------------------------------------+---------------------+--------------+
; |ALU                                      ; 63 (0)              ; 0 (0)                     ; 0                 ; 1          ; 48   ; 0            ; |ALU                                                                                                                  ; ALU                 ; work         ;
;    |AndN:ander|                           ; 3 (3)               ; 0 (0)                     ; 0                 ; 0          ; 0    ; 0            ; |ALU|AndN:ander                                                                                                       ; AndN                ; work         ;
;    |Division:divisor|                     ; 22 (0)              ; 0 (0)                     ; 0                 ; 0          ; 0    ; 0            ; |ALU|Division:divisor                                                                                                 ; Division            ; work         ;
;       |lpm_divide:Div0|                   ; 22 (0)              ; 0 (0)                     ; 0                 ; 0          ; 0    ; 0            ; |ALU|Division:divisor|lpm_divide:Div0                                                                                 ; lpm_divide          ; work         ;
;          |lpm_divide_1am:auto_generated|  ; 22 (0)              ; 0 (0)                     ; 0                 ; 0          ; 0    ; 0            ; |ALU|Division:divisor|lpm_divide:Div0|lpm_divide_1am:auto_generated                                                   ; lpm_divide_1am      ; work         ;
;             |sign_div_unsign_7kh:divider| ; 22 (0)              ; 0 (0)                     ; 0                 ; 0          ; 0    ; 0            ; |ALU|Division:divisor|lpm_divide:Div0|lpm_divide_1am:auto_generated|sign_div_unsign_7kh:divider                       ; sign_div_unsign_7kh ; work         ;
;                |alt_u_div_kse:divider|    ; 22 (22)             ; 0 (0)                     ; 0                 ; 0          ; 0    ; 0            ; |ALU|Division:divisor|lpm_divide:Div0|lpm_divide_1am:auto_generated|sign_div_unsign_7kh:divider|alt_u_div_kse:divider ; alt_u_div_kse       ; work         ;
;    |Modulo:modulador|                     ; 26 (0)              ; 0 (0)                     ; 0                 ; 0          ; 0    ; 0            ; |ALU|Modulo:modulador                                                                                                 ; Modulo              ; work         ;
;       |lpm_divide:Mod0|                   ; 26 (0)              ; 0 (0)                     ; 0                 ; 0          ; 0    ; 0            ; |ALU|Modulo:modulador|lpm_divide:Mod0                                                                                 ; lpm_divide          ; work         ;
;          |lpm_divide_42m:auto_generated|  ; 26 (0)              ; 0 (0)                     ; 0                 ; 0          ; 0    ; 0            ; |ALU|Modulo:modulador|lpm_divide:Mod0|lpm_divide_42m:auto_generated                                                   ; lpm_divide_42m      ; work         ;
;             |sign_div_unsign_7kh:divider| ; 26 (0)              ; 0 (0)                     ; 0                 ; 0          ; 0    ; 0            ; |ALU|Modulo:modulador|lpm_divide:Mod0|lpm_divide_42m:auto_generated|sign_div_unsign_7kh:divider                       ; sign_div_unsign_7kh ; work         ;
;                |alt_u_div_kse:divider|    ; 26 (26)             ; 0 (0)                     ; 0                 ; 0          ; 0    ; 0            ; |ALU|Modulo:modulador|lpm_divide:Mod0|lpm_divide_42m:auto_generated|sign_div_unsign_7kh:divider|alt_u_div_kse:divider ; alt_u_div_kse       ; work         ;
;    |Multiplicacion:multiplicador|         ; 0 (0)               ; 0 (0)                     ; 0                 ; 1          ; 0    ; 0            ; |ALU|Multiplicacion:multiplicador                                                                                     ; Multiplicacion      ; work         ;
;    |OrN:orer|                             ; 1 (1)               ; 0 (0)                     ; 0                 ; 0          ; 0    ; 0            ; |ALU|OrN:orer                                                                                                         ; OrN                 ; work         ;
;    |Resta:restador|                       ; 4 (4)               ; 0 (0)                     ; 0                 ; 0          ; 0    ; 0            ; |ALU|Resta:restador                                                                                                   ; Resta               ; work         ;
;    |Suma:sumador|                         ; 4 (4)               ; 0 (0)                     ; 0                 ; 0          ; 0    ; 0            ; |ALU|Suma:sumador                                                                                                     ; Suma                ; work         ;
;    |XorN:xorer|                           ; 3 (3)               ; 0 (0)                     ; 0                 ; 0          ; 0    ; 0            ; |ALU|XorN:xorer                                                                                                       ; XorN                ; work         ;
+-------------------------------------------+---------------------+---------------------------+-------------------+------------+------+--------------+-----------------------------------------------------------------------------------------------------------------------+---------------------+--------------+
Note: For table entries with two numbers listed, the numbers in parentheses indicate the number of resources of the given type used by the specific entity alone. The numbers listed outside of parentheses indicate the total resources of the given type used by the specific entity and all of its sub-entities in the hierarchy.


+-----------------------------------------------+
; Analysis & Synthesis DSP Block Usage Summary  ;
+---------------------------------+-------------+
; Statistic                       ; Number Used ;
+---------------------------------+-------------+
; Independent 9x9                 ; 1           ;
; Total number of DSP blocks      ; 1           ;
;                                 ;             ;
; Fixed Point Unsigned Multiplier ; 1           ;
+---------------------------------+-------------+


+------------------------------------------------------+
; General Register Statistics                          ;
+----------------------------------------------+-------+
; Statistic                                    ; Value ;
+----------------------------------------------+-------+
; Total registers                              ; 0     ;
; Number of registers using Synchronous Clear  ; 0     ;
; Number of registers using Synchronous Load   ; 0     ;
; Number of registers using Asynchronous Clear ; 0     ;
; Number of registers using Asynchronous Load  ; 0     ;
; Number of registers using Clock Enable       ; 0     ;
; Number of registers using Preset             ; 0     ;
+----------------------------------------------+-------+


+---------------------------------------------------------------------+
; Parameter Settings for User Entity Instance: Top-level Entity: |ALU ;
+----------------+-------+--------------------------------------------+
; Parameter Name ; Value ; Type                                       ;
+----------------+-------+--------------------------------------------+
; N              ; 4     ; Signed Integer                             ;
+----------------+-------+--------------------------------------------+
Note: In order to hide this table in the UI and the text report file, please set the "Show Parameter Settings in Synthesis Report" option in "Analysis and Synthesis Settings -> More Settings" to "Off".


+-----------------------------------------------------------+
; Parameter Settings for User Entity Instance: Suma:sumador ;
+----------------+-------+----------------------------------+
; Parameter Name ; Value ; Type                             ;
+----------------+-------+----------------------------------+
; N              ; 4     ; Signed Integer                   ;
+----------------+-------+----------------------------------+
Note: In order to hide this table in the UI and the text report file, please set the "Show Parameter Settings in Synthesis Report" option in "Analysis and Synthesis Settings -> More Settings" to "Off".


+-------------------------------------------------------------+
; Parameter Settings for User Entity Instance: Resta:restador ;
+----------------+-------+------------------------------------+
; Parameter Name ; Value ; Type                               ;
+----------------+-------+------------------------------------+
; N              ; 4     ; Signed Integer                     ;
+----------------+-------+------------------------------------+
Note: In order to hide this table in the UI and the text report file, please set the "Show Parameter Settings in Synthesis Report" option in "Analysis and Synthesis Settings -> More Settings" to "Off".


+---------------------------------------------------------------+
; Parameter Settings for User Entity Instance: Modulo:modulador ;
+----------------+-------+--------------------------------------+
; Parameter Name ; Value ; Type                                 ;
+----------------+-------+--------------------------------------+
; N              ; 4     ; Signed Integer                       ;
+----------------+-------+--------------------------------------+
Note: In order to hide this table in the UI and the text report file, please set the "Show Parameter Settings in Synthesis Report" option in "Analysis and Synthesis Settings -> More Settings" to "Off".


+---------------------------------------------------------------------------+
; Parameter Settings for User Entity Instance: Multiplicacion:multiplicador ;
+----------------+-------+--------------------------------------------------+
; Parameter Name ; Value ; Type                                             ;
+----------------+-------+--------------------------------------------------+
; N              ; 4     ; Signed Integer                                   ;
+----------------+-------+--------------------------------------------------+
Note: In order to hide this table in the UI and the text report file, please set the "Show Parameter Settings in Synthesis Report" option in "Analysis and Synthesis Settings -> More Settings" to "Off".


+---------------------------------------------------------------+
; Parameter Settings for User Entity Instance: Division:divisor ;
+----------------+-------+--------------------------------------+
; Parameter Name ; Value ; Type                                 ;
+----------------+-------+--------------------------------------+
; N              ; 4     ; Signed Integer                       ;
+----------------+-------+--------------------------------------+
Note: In order to hide this table in the UI and the text report file, please set the "Show Parameter Settings in Synthesis Report" option in "Analysis and Synthesis Settings -> More Settings" to "Off".


+---------------------------------------------------------+
; Parameter Settings for User Entity Instance: AndN:ander ;
+----------------+-------+--------------------------------+
; Parameter Name ; Value ; Type                           ;
+----------------+-------+--------------------------------+
; N              ; 4     ; Signed Integer                 ;
+----------------+-------+--------------------------------+
Note: In order to hide this table in the UI and the text report file, please set the "Show Parameter Settings in Synthesis Report" option in "Analysis and Synthesis Settings -> More Settings" to "Off".


+-------------------------------------------------------+
; Parameter Settings for User Entity Instance: OrN:orer ;
+----------------+-------+------------------------------+
; Parameter Name ; Value ; Type                         ;
+----------------+-------+------------------------------+
; N              ; 4     ; Signed Integer               ;
+----------------+-------+------------------------------+
Note: In order to hide this table in the UI and the text report file, please set the "Show Parameter Settings in Synthesis Report" option in "Analysis and Synthesis Settings -> More Settings" to "Off".


+---------------------------------------------------------+
; Parameter Settings for User Entity Instance: XorN:xorer ;
+----------------+-------+--------------------------------+
; Parameter Name ; Value ; Type                           ;
+----------------+-------+--------------------------------+
; N              ; 4     ; Signed Integer                 ;
+----------------+-------+--------------------------------+
Note: In order to hide this table in the UI and the text report file, please set the "Show Parameter Settings in Synthesis Report" option in "Analysis and Synthesis Settings -> More Settings" to "Off".


+-----------------------------------------------------------------------------------+
; Parameter Settings for Inferred Entity Instance: Modulo:modulador|lpm_divide:Mod0 ;
+------------------------+----------------+-----------------------------------------+
; Parameter Name         ; Value          ; Type                                    ;
+------------------------+----------------+-----------------------------------------+
; LPM_WIDTHN             ; 4              ; Untyped                                 ;
; LPM_WIDTHD             ; 4              ; Untyped                                 ;
; LPM_NREPRESENTATION    ; UNSIGNED       ; Untyped                                 ;
; LPM_DREPRESENTATION    ; UNSIGNED       ; Untyped                                 ;
; LPM_PIPELINE           ; 0              ; Untyped                                 ;
; LPM_REMAINDERPOSITIVE  ; TRUE           ; Untyped                                 ;
; MAXIMIZE_SPEED         ; 5              ; Untyped                                 ;
; CBXI_PARAMETER         ; lpm_divide_42m ; Untyped                                 ;
; CARRY_CHAIN            ; MANUAL         ; Untyped                                 ;
; OPTIMIZE_FOR_SPEED     ; 5              ; Untyped                                 ;
; AUTO_CARRY_CHAINS      ; ON             ; AUTO_CARRY                              ;
; IGNORE_CARRY_BUFFERS   ; OFF            ; IGNORE_CARRY                            ;
; AUTO_CASCADE_CHAINS    ; ON             ; AUTO_CASCADE                            ;
; IGNORE_CASCADE_BUFFERS ; OFF            ; IGNORE_CASCADE                          ;
+------------------------+----------------+-----------------------------------------+
Note: In order to hide this table in the UI and the text report file, please set the "Show Parameter Settings in Synthesis Report" option in "Analysis and Synthesis Settings -> More Settings" to "Off".


+-----------------------------------------------------------------------------------+
; Parameter Settings for Inferred Entity Instance: Division:divisor|lpm_divide:Div0 ;
+------------------------+----------------+-----------------------------------------+
; Parameter Name         ; Value          ; Type                                    ;
+------------------------+----------------+-----------------------------------------+
; LPM_WIDTHN             ; 4              ; Untyped                                 ;
; LPM_WIDTHD             ; 4              ; Untyped                                 ;
; LPM_NREPRESENTATION    ; UNSIGNED       ; Untyped                                 ;
; LPM_DREPRESENTATION    ; UNSIGNED       ; Untyped                                 ;
; LPM_PIPELINE           ; 0              ; Untyped                                 ;
; LPM_REMAINDERPOSITIVE  ; TRUE           ; Untyped                                 ;
; MAXIMIZE_SPEED         ; 5              ; Untyped                                 ;
; CBXI_PARAMETER         ; lpm_divide_1am ; Untyped                                 ;
; CARRY_CHAIN            ; MANUAL         ; Untyped                                 ;
; OPTIMIZE_FOR_SPEED     ; 5              ; Untyped                                 ;
; AUTO_CARRY_CHAINS      ; ON             ; AUTO_CARRY                              ;
; IGNORE_CARRY_BUFFERS   ; OFF            ; IGNORE_CARRY                            ;
; AUTO_CASCADE_CHAINS    ; ON             ; AUTO_CASCADE                            ;
; IGNORE_CASCADE_BUFFERS ; OFF            ; IGNORE_CASCADE                          ;
+------------------------+----------------+-----------------------------------------+
Note: In order to hide this table in the UI and the text report file, please set the "Show Parameter Settings in Synthesis Report" option in "Analysis and Synthesis Settings -> More Settings" to "Off".


+-----------------------------------------------------+
; Post-Synthesis Netlist Statistics for Top Partition ;
+-----------------------+-----------------------------+
; Type                  ; Count                       ;
+-----------------------+-----------------------------+
; arriav_lcell_comb     ; 68                          ;
;     arith             ; 16                          ;
;         0 data inputs ; 4                           ;
;         2 data inputs ; 6                           ;
;         5 data inputs ; 6                           ;
;     normal            ; 30                          ;
;         0 data inputs ; 1                           ;
;         1 data inputs ; 4                           ;
;         2 data inputs ; 10                          ;
;         3 data inputs ; 6                           ;
;         4 data inputs ; 3                           ;
;         5 data inputs ; 5                           ;
;         6 data inputs ; 1                           ;
;     shared            ; 22                          ;
;         0 data inputs ; 6                           ;
;         2 data inputs ; 10                          ;
;         4 data inputs ; 6                           ;
; arriav_mac            ; 1                           ;
; boundary_port         ; 48                          ;
;                       ;                             ;
; Max LUT depth         ; 8.50                        ;
; Average LUT depth     ; 5.68                        ;
+-----------------------+-----------------------------+


+-------------------------------+
; Elapsed Time Per Partition    ;
+----------------+--------------+
; Partition Name ; Elapsed Time ;
+----------------+--------------+
; Top            ; 00:00:05     ;
+----------------+--------------+


+-------------------------------+
; Analysis & Synthesis Messages ;
+-------------------------------+
Info: *******************************************************************
Info: Running Quartus Prime Analysis & Synthesis
    Info: Version 20.1.1 Build 720 11/11/2020 SJ Lite Edition
    Info: Processing started: Fri Aug 26 17:03:07 2022
Info: Command: quartus_map --read_settings_files=on --write_settings_files=off ALU -c ALU
Warning (18236): Number of processors has not been specified which may cause overloading on shared machines.  Set the global assignment NUM_PARALLEL_PROCESSORS in your QSF to an appropriate value for best performance.
Info (20030): Parallel compilation is enabled and will use 2 of the 2 processors detected
Warning (12019): Can't analyze file -- file DispplayHex.sv is missing
Info (12021): Found 1 design units, including 1 entities, in source file suma.sv
    Info (12023): Found entity 1: Suma File: C:/Users/yraul/OneDrive/Documentos/GitHub/Lab03_TallerDisenio/Quartus/Suma.sv Line: 1
Info (12021): Found 1 design units, including 1 entities, in source file resta.sv
    Info (12023): Found entity 1: Resta File: C:/Users/yraul/OneDrive/Documentos/GitHub/Lab03_TallerDisenio/Quartus/Resta.sv Line: 1
Info (12021): Found 1 design units, including 1 entities, in source file modulo.sv
    Info (12023): Found entity 1: Modulo File: C:/Users/yraul/OneDrive/Documentos/GitHub/Lab03_TallerDisenio/Quartus/Modulo.sv Line: 1
Info (12021): Found 1 design units, including 1 entities, in source file multiplicacion.sv
    Info (12023): Found entity 1: Multiplicacion File: C:/Users/yraul/OneDrive/Documentos/GitHub/Lab03_TallerDisenio/Quartus/Multiplicacion.sv Line: 1
Info (12021): Found 1 design units, including 1 entities, in source file division.sv
    Info (12023): Found entity 1: Division File: C:/Users/yraul/OneDrive/Documentos/GitHub/Lab03_TallerDisenio/Quartus/Division.sv Line: 1
Info (12021): Found 1 design units, including 1 entities, in source file andn.sv
    Info (12023): Found entity 1: AndN File: C:/Users/yraul/OneDrive/Documentos/GitHub/Lab03_TallerDisenio/Quartus/AndN.sv Line: 1
Info (12021): Found 1 design units, including 1 entities, in source file orn.sv
    Info (12023): Found entity 1: OrN File: C:/Users/yraul/OneDrive/Documentos/GitHub/Lab03_TallerDisenio/Quartus/OrN.sv Line: 1
Info (12021): Found 1 design units, including 1 entities, in source file xorn.sv
    Info (12023): Found entity 1: XorN File: C:/Users/yraul/OneDrive/Documentos/GitHub/Lab03_TallerDisenio/Quartus/XorN.sv Line: 1
Info (12021): Found 1 design units, including 1 entities, in source file alu.sv
    Info (12023): Found entity 1: ALU File: C:/Users/yraul/OneDrive/Documentos/GitHub/Lab03_TallerDisenio/Quartus/ALU.sv Line: 1
Info (12127): Elaborating entity "ALU" for the top level hierarchy
Warning (10034): Output port "SLShift" at ALU.sv(1) has no driver File: C:/Users/yraul/OneDrive/Documentos/GitHub/Lab03_TallerDisenio/Quartus/ALU.sv Line: 1
Warning (10034): Output port "SRShift" at ALU.sv(1) has no driver File: C:/Users/yraul/OneDrive/Documentos/GitHub/Lab03_TallerDisenio/Quartus/ALU.sv Line: 1
Info (12128): Elaborating entity "Suma" for hierarchy "Suma:sumador" File: C:/Users/yraul/OneDrive/Documentos/GitHub/Lab03_TallerDisenio/Quartus/ALU.sv Line: 5
Info (12128): Elaborating entity "Resta" for hierarchy "Resta:restador" File: C:/Users/yraul/OneDrive/Documentos/GitHub/Lab03_TallerDisenio/Quartus/ALU.sv Line: 6
Info (12128): Elaborating entity "Modulo" for hierarchy "Modulo:modulador" File: C:/Users/yraul/OneDrive/Documentos/GitHub/Lab03_TallerDisenio/Quartus/ALU.sv Line: 7
Info (12128): Elaborating entity "Multiplicacion" for hierarchy "Multiplicacion:multiplicador" File: C:/Users/yraul/OneDrive/Documentos/GitHub/Lab03_TallerDisenio/Quartus/ALU.sv Line: 8
Info (12128): Elaborating entity "Division" for hierarchy "Division:divisor" File: C:/Users/yraul/OneDrive/Documentos/GitHub/Lab03_TallerDisenio/Quartus/ALU.sv Line: 9
Info (12128): Elaborating entity "AndN" for hierarchy "AndN:ander" File: C:/Users/yraul/OneDrive/Documentos/GitHub/Lab03_TallerDisenio/Quartus/ALU.sv Line: 11
Info (12128): Elaborating entity "OrN" for hierarchy "OrN:orer" File: C:/Users/yraul/OneDrive/Documentos/GitHub/Lab03_TallerDisenio/Quartus/ALU.sv Line: 12
Info (12128): Elaborating entity "XorN" for hierarchy "XorN:xorer" File: C:/Users/yraul/OneDrive/Documentos/GitHub/Lab03_TallerDisenio/Quartus/ALU.sv Line: 13
Info (278001): Inferred 2 megafunctions from design logic
    Info (278004): Inferred divider/modulo megafunction ("lpm_divide") from the following logic: "Modulo:modulador|Mod0" File: C:/Users/yraul/OneDrive/Documentos/GitHub/Lab03_TallerDisenio/Quartus/Modulo.sv Line: 2
    Info (278004): Inferred divider/modulo megafunction ("lpm_divide") from the following logic: "Division:divisor|Div0" File: C:/Users/yraul/OneDrive/Documentos/GitHub/Lab03_TallerDisenio/Quartus/Division.sv Line: 2
Info (12130): Elaborated megafunction instantiation "Modulo:modulador|lpm_divide:Mod0" File: C:/Users/yraul/OneDrive/Documentos/GitHub/Lab03_TallerDisenio/Quartus/Modulo.sv Line: 2
Info (12133): Instantiated megafunction "Modulo:modulador|lpm_divide:Mod0" with the following parameter: File: C:/Users/yraul/OneDrive/Documentos/GitHub/Lab03_TallerDisenio/Quartus/Modulo.sv Line: 2
    Info (12134): Parameter "LPM_WIDTHN" = "4"
    Info (12134): Parameter "LPM_WIDTHD" = "4"
    Info (12134): Parameter "LPM_NREPRESENTATION" = "UNSIGNED"
    Info (12134): Parameter "LPM_DREPRESENTATION" = "UNSIGNED"
Info (12021): Found 1 design units, including 1 entities, in source file db/lpm_divide_42m.tdf
    Info (12023): Found entity 1: lpm_divide_42m File: C:/Users/yraul/OneDrive/Documentos/GitHub/Lab03_TallerDisenio/Quartus/db/lpm_divide_42m.tdf Line: 25
Info (12021): Found 1 design units, including 1 entities, in source file db/sign_div_unsign_7kh.tdf
    Info (12023): Found entity 1: sign_div_unsign_7kh File: C:/Users/yraul/OneDrive/Documentos/GitHub/Lab03_TallerDisenio/Quartus/db/sign_div_unsign_7kh.tdf Line: 25
Info (12021): Found 1 design units, including 1 entities, in source file db/alt_u_div_kse.tdf
    Info (12023): Found entity 1: alt_u_div_kse File: C:/Users/yraul/OneDrive/Documentos/GitHub/Lab03_TallerDisenio/Quartus/db/alt_u_div_kse.tdf Line: 23
Info (12130): Elaborated megafunction instantiation "Division:divisor|lpm_divide:Div0" File: C:/Users/yraul/OneDrive/Documentos/GitHub/Lab03_TallerDisenio/Quartus/Division.sv Line: 2
Info (12133): Instantiated megafunction "Division:divisor|lpm_divide:Div0" with the following parameter: File: C:/Users/yraul/OneDrive/Documentos/GitHub/Lab03_TallerDisenio/Quartus/Division.sv Line: 2
    Info (12134): Parameter "LPM_WIDTHN" = "4"
    Info (12134): Parameter "LPM_WIDTHD" = "4"
    Info (12134): Parameter "LPM_NREPRESENTATION" = "UNSIGNED"
    Info (12134): Parameter "LPM_DREPRESENTATION" = "UNSIGNED"
Info (12021): Found 1 design units, including 1 entities, in source file db/lpm_divide_1am.tdf
    Info (12023): Found entity 1: lpm_divide_1am File: C:/Users/yraul/OneDrive/Documentos/GitHub/Lab03_TallerDisenio/Quartus/db/lpm_divide_1am.tdf Line: 25
Warning (13024): Output pins are stuck at VCC or GND
    Warning (13410): Pin "SAnd[1]" is stuck at GND File: C:/Users/yraul/OneDrive/Documentos/GitHub/Lab03_TallerDisenio/Quartus/ALU.sv Line: 1
    Warning (13410): Pin "SAnd[2]" is stuck at GND File: C:/Users/yraul/OneDrive/Documentos/GitHub/Lab03_TallerDisenio/Quartus/ALU.sv Line: 1
    Warning (13410): Pin "SAnd[3]" is stuck at GND File: C:/Users/yraul/OneDrive/Documentos/GitHub/Lab03_TallerDisenio/Quartus/ALU.sv Line: 1
    Warning (13410): Pin "SOr[1]" is stuck at GND File: C:/Users/yraul/OneDrive/Documentos/GitHub/Lab03_TallerDisenio/Quartus/ALU.sv Line: 1
    Warning (13410): Pin "SOr[2]" is stuck at GND File: C:/Users/yraul/OneDrive/Documentos/GitHub/Lab03_TallerDisenio/Quartus/ALU.sv Line: 1
    Warning (13410): Pin "SOr[3]" is stuck at GND File: C:/Users/yraul/OneDrive/Documentos/GitHub/Lab03_TallerDisenio/Quartus/ALU.sv Line: 1
    Warning (13410): Pin "SLShift[0]" is stuck at GND File: C:/Users/yraul/OneDrive/Documentos/GitHub/Lab03_TallerDisenio/Quartus/ALU.sv Line: 1
    Warning (13410): Pin "SLShift[1]" is stuck at GND File: C:/Users/yraul/OneDrive/Documentos/GitHub/Lab03_TallerDisenio/Quartus/ALU.sv Line: 1
    Warning (13410): Pin "SLShift[2]" is stuck at GND File: C:/Users/yraul/OneDrive/Documentos/GitHub/Lab03_TallerDisenio/Quartus/ALU.sv Line: 1
    Warning (13410): Pin "SLShift[3]" is stuck at GND File: C:/Users/yraul/OneDrive/Documentos/GitHub/Lab03_TallerDisenio/Quartus/ALU.sv Line: 1
    Warning (13410): Pin "SRShift[0]" is stuck at GND File: C:/Users/yraul/OneDrive/Documentos/GitHub/Lab03_TallerDisenio/Quartus/ALU.sv Line: 1
    Warning (13410): Pin "SRShift[1]" is stuck at GND File: C:/Users/yraul/OneDrive/Documentos/GitHub/Lab03_TallerDisenio/Quartus/ALU.sv Line: 1
    Warning (13410): Pin "SRShift[2]" is stuck at GND File: C:/Users/yraul/OneDrive/Documentos/GitHub/Lab03_TallerDisenio/Quartus/ALU.sv Line: 1
    Warning (13410): Pin "SRShift[3]" is stuck at GND File: C:/Users/yraul/OneDrive/Documentos/GitHub/Lab03_TallerDisenio/Quartus/ALU.sv Line: 1
Info (286030): Timing-Driven Synthesis is running
Info (16010): Generating hard_block partition "hard_block:auto_generated_inst"
    Info (16011): Adding 0 node(s), including 0 DDIO, 0 PLL, 0 transceiver and 0 LCELL
Info (21057): Implemented 112 device resources after synthesis - the final resource count might be different
    Info (21058): Implemented 8 input pins
    Info (21059): Implemented 40 output pins
    Info (21061): Implemented 63 logic cells
    Info (21062): Implemented 1 DSP elements
Info: Quartus Prime Analysis & Synthesis was successful. 0 errors, 19 warnings
    Info: Peak virtual memory: 4814 megabytes
    Info: Processing ended: Fri Aug 26 17:04:03 2022
    Info: Elapsed time: 00:00:56
    Info: Total CPU time (on all processors): 00:01:24


