Analysis & Synthesis report for Problema_2
Tue Sep 06 10:32:38 2022
Quartus Prime Version 20.1.1 Build 720 11/11/2020 SJ Lite Edition


---------------------
; Table of Contents ;
---------------------
  1. Legal Notice
  2. Analysis & Synthesis Summary
  3. Analysis & Synthesis Settings
  4. Parallel Compilation
  5. Analysis & Synthesis Source Files Read
  6. Analysis & Synthesis Resource Usage Summary
  7. Analysis & Synthesis Resource Utilization by Entity
  8. Analysis & Synthesis DSP Block Usage Summary
  9. General Register Statistics
 10. Multiplexer Restructuring Statistics (Restructuring Performed)
 11. Parameter Settings for User Entity Instance: Top-level Entity: |RegistroCargaTop
 12. Parameter Settings for User Entity Instance: RegistroCargaInput:regCargaIn
 13. Parameter Settings for User Entity Instance: ALU:alu_
 14. Parameter Settings for User Entity Instance: ALU:alu_|Suma:sumador
 15. Parameter Settings for User Entity Instance: ALU:alu_|Resta:restador
 16. Parameter Settings for User Entity Instance: ALU:alu_|Modulo:modulador
 17. Parameter Settings for User Entity Instance: ALU:alu_|Multiplicacion:multiplicador
 18. Parameter Settings for User Entity Instance: ALU:alu_|Division:divisor
 19. Parameter Settings for User Entity Instance: ALU:alu_|AndN:ander
 20. Parameter Settings for User Entity Instance: ALU:alu_|OrN:orer
 21. Parameter Settings for User Entity Instance: ALU:alu_|XorN:xorer
 22. Parameter Settings for User Entity Instance: ALU:alu_|LeftShift:lShifter
 23. Parameter Settings for User Entity Instance: ALU:alu_|RightShift:rShifter
 24. Parameter Settings for User Entity Instance: Mux:mux_
 25. Parameter Settings for User Entity Instance: flag_detector:flag_dec
 26. Parameter Settings for User Entity Instance: RegistroCargaOutput:regCargaOut
 27. Parameter Settings for Inferred Entity Instance: ALU:alu_|Division:divisor|lpm_divide:Div0
 28. Parameter Settings for Inferred Entity Instance: ALU:alu_|Modulo:modulador|lpm_divide:Mod0
 29. Port Connectivity Checks: "RegistroCargaOutput:regCargaOut"
 30. Post-Synthesis Netlist Statistics for Top Partition
 31. Elapsed Time Per Partition
 32. Analysis & Synthesis Messages



----------------
; Legal Notice ;
----------------
Copyright (C) 2020  Intel Corporation. All rights reserved.
Your use of Intel Corporation's design tools, logic functions 
and other software and tools, and any partner logic 
functions, and any output files from any of the foregoing 
(including device programming or simulation files), and any 
associated documentation or information are expressly subject 
to the terms and conditions of the Intel Program License 
Subscription Agreement, the Intel Quartus Prime License Agreement,
the Intel FPGA IP License Agreement, or other applicable license
agreement, including, without limitation, that your use is for
the sole purpose of programming logic devices manufactured by
Intel and sold by Intel or its authorized distributors.  Please
refer to the applicable agreement for further details, at
https://fpgasoftware.intel.com/eula.



+-------------------------------------------------------------------------------+
; Analysis & Synthesis Summary                                                  ;
+---------------------------------+---------------------------------------------+
; Analysis & Synthesis Status     ; Successful - Tue Sep 06 10:32:38 2022       ;
; Quartus Prime Version           ; 20.1.1 Build 720 11/11/2020 SJ Lite Edition ;
; Revision Name                   ; Problema_2                                  ;
; Top-level Entity Name           ; RegistroCargaTop                            ;
; Family                          ; Cyclone V                                   ;
; Logic utilization (in ALMs)     ; N/A                                         ;
; Total registers                 ; 24                                          ;
; Total pins                      ; 29                                          ;
; Total virtual pins              ; 0                                           ;
; Total block memory bits         ; 0                                           ;
; Total DSP Blocks                ; 1                                           ;
; Total HSSI RX PCSs              ; 0                                           ;
; Total HSSI PMA RX Deserializers ; 0                                           ;
; Total HSSI TX PCSs              ; 0                                           ;
; Total HSSI PMA TX Serializers   ; 0                                           ;
; Total PLLs                      ; 0                                           ;
; Total DLLs                      ; 0                                           ;
+---------------------------------+---------------------------------------------+


+---------------------------------------------------------------------------------------------------------------------------+
; Analysis & Synthesis Settings                                                                                             ;
+---------------------------------------------------------------------------------+--------------------+--------------------+
; Option                                                                          ; Setting            ; Default Value      ;
+---------------------------------------------------------------------------------+--------------------+--------------------+
; Device                                                                          ; 5CSEMA5F31C6       ;                    ;
; Top-level entity name                                                           ; RegistroCargaTop   ; Problema_2         ;
; Family name                                                                     ; Cyclone V          ; Cyclone V          ;
; Use smart compilation                                                           ; Off                ; Off                ;
; Enable parallel Assembler and Timing Analyzer during compilation                ; On                 ; On                 ;
; Enable compact report table                                                     ; Off                ; Off                ;
; Restructure Multiplexers                                                        ; Auto               ; Auto               ;
; MLAB Add Timing Constraints For Mixed-Port Feed-Through Mode Setting Don't Care ; Off                ; Off                ;
; Create Debugging Nodes for IP Cores                                             ; Off                ; Off                ;
; Preserve fewer node names                                                       ; On                 ; On                 ;
; Intel FPGA IP Evaluation Mode                                                   ; Enable             ; Enable             ;
; Verilog Version                                                                 ; Verilog_2001       ; Verilog_2001       ;
; VHDL Version                                                                    ; VHDL_1993          ; VHDL_1993          ;
; State Machine Processing                                                        ; Auto               ; Auto               ;
; Safe State Machine                                                              ; Off                ; Off                ;
; Extract Verilog State Machines                                                  ; On                 ; On                 ;
; Extract VHDL State Machines                                                     ; On                 ; On                 ;
; Ignore Verilog initial constructs                                               ; Off                ; Off                ;
; Iteration limit for constant Verilog loops                                      ; 5000               ; 5000               ;
; Iteration limit for non-constant Verilog loops                                  ; 250                ; 250                ;
; Add Pass-Through Logic to Inferred RAMs                                         ; On                 ; On                 ;
; Infer RAMs from Raw Logic                                                       ; On                 ; On                 ;
; Parallel Synthesis                                                              ; On                 ; On                 ;
; DSP Block Balancing                                                             ; Auto               ; Auto               ;
; NOT Gate Push-Back                                                              ; On                 ; On                 ;
; Power-Up Don't Care                                                             ; On                 ; On                 ;
; Remove Redundant Logic Cells                                                    ; Off                ; Off                ;
; Remove Duplicate Registers                                                      ; On                 ; On                 ;
; Ignore CARRY Buffers                                                            ; Off                ; Off                ;
; Ignore CASCADE Buffers                                                          ; Off                ; Off                ;
; Ignore GLOBAL Buffers                                                           ; Off                ; Off                ;
; Ignore ROW GLOBAL Buffers                                                       ; Off                ; Off                ;
; Ignore LCELL Buffers                                                            ; Off                ; Off                ;
; Ignore SOFT Buffers                                                             ; On                 ; On                 ;
; Limit AHDL Integers to 32 Bits                                                  ; Off                ; Off                ;
; Optimization Technique                                                          ; Balanced           ; Balanced           ;
; Carry Chain Length                                                              ; 70                 ; 70                 ;
; Auto Carry Chains                                                               ; On                 ; On                 ;
; Auto Open-Drain Pins                                                            ; On                 ; On                 ;
; Perform WYSIWYG Primitive Resynthesis                                           ; Off                ; Off                ;
; Auto ROM Replacement                                                            ; On                 ; On                 ;
; Auto RAM Replacement                                                            ; On                 ; On                 ;
; Auto DSP Block Replacement                                                      ; On                 ; On                 ;
; Auto Shift Register Replacement                                                 ; Auto               ; Auto               ;
; Allow Shift Register Merging across Hierarchies                                 ; Auto               ; Auto               ;
; Auto Clock Enable Replacement                                                   ; On                 ; On                 ;
; Strict RAM Replacement                                                          ; Off                ; Off                ;
; Allow Synchronous Control Signals                                               ; On                 ; On                 ;
; Force Use of Synchronous Clear Signals                                          ; Off                ; Off                ;
; Auto Resource Sharing                                                           ; Off                ; Off                ;
; Allow Any RAM Size For Recognition                                              ; Off                ; Off                ;
; Allow Any ROM Size For Recognition                                              ; Off                ; Off                ;
; Allow Any Shift Register Size For Recognition                                   ; Off                ; Off                ;
; Use LogicLock Constraints during Resource Balancing                             ; On                 ; On                 ;
; Ignore translate_off and synthesis_off directives                               ; Off                ; Off                ;
; Timing-Driven Synthesis                                                         ; On                 ; On                 ;
; Report Parameter Settings                                                       ; On                 ; On                 ;
; Report Source Assignments                                                       ; On                 ; On                 ;
; Report Connectivity Checks                                                      ; On                 ; On                 ;
; Ignore Maximum Fan-Out Assignments                                              ; Off                ; Off                ;
; Synchronization Register Chain Length                                           ; 3                  ; 3                  ;
; Power Optimization During Synthesis                                             ; Normal compilation ; Normal compilation ;
; HDL message level                                                               ; Level2             ; Level2             ;
; Suppress Register Optimization Related Messages                                 ; Off                ; Off                ;
; Number of Removed Registers Reported in Synthesis Report                        ; 5000               ; 5000               ;
; Number of Swept Nodes Reported in Synthesis Report                              ; 5000               ; 5000               ;
; Number of Inverted Registers Reported in Synthesis Report                       ; 100                ; 100                ;
; Clock MUX Protection                                                            ; On                 ; On                 ;
; Auto Gated Clock Conversion                                                     ; Off                ; Off                ;
; Block Design Naming                                                             ; Auto               ; Auto               ;
; SDC constraint protection                                                       ; Off                ; Off                ;
; Synthesis Effort                                                                ; Auto               ; Auto               ;
; Shift Register Replacement - Allow Asynchronous Clear Signal                    ; On                 ; On                 ;
; Pre-Mapping Resynthesis Optimization                                            ; Off                ; Off                ;
; Analysis & Synthesis Message Level                                              ; Medium             ; Medium             ;
; Disable Register Merging Across Hierarchies                                     ; Auto               ; Auto               ;
; Resource Aware Inference For Block RAM                                          ; On                 ; On                 ;
; Automatic Parallel Synthesis                                                    ; On                 ; On                 ;
; Partial Reconfiguration Bitstream ID                                            ; Off                ; Off                ;
+---------------------------------------------------------------------------------+--------------------+--------------------+


+------------------------------------------+
; Parallel Compilation                     ;
+----------------------------+-------------+
; Processors                 ; Number      ;
+----------------------------+-------------+
; Number detected on machine ; 8           ;
; Maximum allowed            ; 8           ;
;                            ;             ;
; Average used               ; 1.00        ;
; Maximum used               ; 8           ;
;                            ;             ;
; Usage by Processor         ; % Time Used ;
;     Processor 1            ; 100.0%      ;
;     Processors 2-8         ;   0.0%      ;
+----------------------------+-------------+


+-------------------------------------------------------------------------------------------------------------------------------------------------------------------------------------------+
; Analysis & Synthesis Source Files Read                                                                                                                                                    ;
+----------------------------------+-----------------+------------------------------+---------------------------------------------------------------------------------------------+---------+
; File Name with User-Entered Path ; Used in Netlist ; File Type                    ; File Name with Absolute Path                                                                ; Library ;
+----------------------------------+-----------------+------------------------------+---------------------------------------------------------------------------------------------+---------+
; XorN.sv                          ; yes             ; User SystemVerilog HDL File  ; C:/Users/Usuario/Documents/GitHub/Lab03_TallerDisenio/Problema_2/XorN.sv                    ;         ;
; Suma.sv                          ; yes             ; User SystemVerilog HDL File  ; C:/Users/Usuario/Documents/GitHub/Lab03_TallerDisenio/Problema_2/Suma.sv                    ;         ;
; RightShift.sv                    ; yes             ; User SystemVerilog HDL File  ; C:/Users/Usuario/Documents/GitHub/Lab03_TallerDisenio/Problema_2/RightShift.sv              ;         ;
; Resta.sv                         ; yes             ; User SystemVerilog HDL File  ; C:/Users/Usuario/Documents/GitHub/Lab03_TallerDisenio/Problema_2/Resta.sv                   ;         ;
; Overflow.sv                      ; yes             ; User SystemVerilog HDL File  ; C:/Users/Usuario/Documents/GitHub/Lab03_TallerDisenio/Problema_2/Overflow.sv                ;         ;
; OrN.sv                           ; yes             ; User SystemVerilog HDL File  ; C:/Users/Usuario/Documents/GitHub/Lab03_TallerDisenio/Problema_2/OrN.sv                     ;         ;
; Mux.sv                           ; yes             ; User SystemVerilog HDL File  ; C:/Users/Usuario/Documents/GitHub/Lab03_TallerDisenio/Problema_2/Mux.sv                     ;         ;
; Multiplicacion.sv                ; yes             ; User SystemVerilog HDL File  ; C:/Users/Usuario/Documents/GitHub/Lab03_TallerDisenio/Problema_2/Multiplicacion.sv          ;         ;
; Modulo.sv                        ; yes             ; User SystemVerilog HDL File  ; C:/Users/Usuario/Documents/GitHub/Lab03_TallerDisenio/Problema_2/Modulo.sv                  ;         ;
; LeftShift.sv                     ; yes             ; User SystemVerilog HDL File  ; C:/Users/Usuario/Documents/GitHub/Lab03_TallerDisenio/Problema_2/LeftShift.sv               ;         ;
; flag_detector.sv                 ; yes             ; User SystemVerilog HDL File  ; C:/Users/Usuario/Documents/GitHub/Lab03_TallerDisenio/Problema_2/flag_detector.sv           ;         ;
; Division.sv                      ; yes             ; User SystemVerilog HDL File  ; C:/Users/Usuario/Documents/GitHub/Lab03_TallerDisenio/Problema_2/Division.sv                ;         ;
; DisplayHex.sv                    ; yes             ; User SystemVerilog HDL File  ; C:/Users/Usuario/Documents/GitHub/Lab03_TallerDisenio/Problema_2/DisplayHex.sv              ;         ;
; Button_Switch.sv                 ; yes             ; User SystemVerilog HDL File  ; C:/Users/Usuario/Documents/GitHub/Lab03_TallerDisenio/Problema_2/Button_Switch.sv           ;         ;
; AndN.sv                          ; yes             ; User SystemVerilog HDL File  ; C:/Users/Usuario/Documents/GitHub/Lab03_TallerDisenio/Problema_2/AndN.sv                    ;         ;
; ALU.sv                           ; yes             ; User SystemVerilog HDL File  ; C:/Users/Usuario/Documents/GitHub/Lab03_TallerDisenio/Problema_2/ALU.sv                     ;         ;
; RegistroCargaInput.sv            ; yes             ; User SystemVerilog HDL File  ; C:/Users/Usuario/Documents/GitHub/Lab03_TallerDisenio/Problema_2/RegistroCargaInput.sv      ;         ;
; RegistroCargaOuput.sv            ; yes             ; User SystemVerilog HDL File  ; C:/Users/Usuario/Documents/GitHub/Lab03_TallerDisenio/Problema_2/RegistroCargaOuput.sv      ;         ;
; RegistroCargaTop.sv              ; yes             ; User SystemVerilog HDL File  ; C:/Users/Usuario/Documents/GitHub/Lab03_TallerDisenio/Problema_2/RegistroCargaTop.sv        ;         ;
; lpm_divide.tdf                   ; yes             ; Megafunction                 ; c:/intelfpga_lite/20.1/quartus/libraries/megafunctions/lpm_divide.tdf                       ;         ;
; abs_divider.inc                  ; yes             ; Megafunction                 ; c:/intelfpga_lite/20.1/quartus/libraries/megafunctions/abs_divider.inc                      ;         ;
; sign_div_unsign.inc              ; yes             ; Megafunction                 ; c:/intelfpga_lite/20.1/quartus/libraries/megafunctions/sign_div_unsign.inc                  ;         ;
; aglobal201.inc                   ; yes             ; Megafunction                 ; c:/intelfpga_lite/20.1/quartus/libraries/megafunctions/aglobal201.inc                       ;         ;
; db/lpm_divide_1am.tdf            ; yes             ; Auto-Generated Megafunction  ; C:/Users/Usuario/Documents/GitHub/Lab03_TallerDisenio/Problema_2/db/lpm_divide_1am.tdf      ;         ;
; db/sign_div_unsign_7kh.tdf       ; yes             ; Auto-Generated Megafunction  ; C:/Users/Usuario/Documents/GitHub/Lab03_TallerDisenio/Problema_2/db/sign_div_unsign_7kh.tdf ;         ;
; db/alt_u_div_kse.tdf             ; yes             ; Auto-Generated Megafunction  ; C:/Users/Usuario/Documents/GitHub/Lab03_TallerDisenio/Problema_2/db/alt_u_div_kse.tdf       ;         ;
; db/lpm_divide_42m.tdf            ; yes             ; Auto-Generated Megafunction  ; C:/Users/Usuario/Documents/GitHub/Lab03_TallerDisenio/Problema_2/db/lpm_divide_42m.tdf      ;         ;
+----------------------------------+-----------------+------------------------------+---------------------------------------------------------------------------------------------+---------+


+-------------------------------------------------------------------------------------+
; Analysis & Synthesis Resource Usage Summary                                         ;
+---------------------------------------------+---------------------------------------+
; Resource                                    ; Usage                                 ;
+---------------------------------------------+---------------------------------------+
; Estimate of Logic utilization (ALMs needed) ; 60                                    ;
;                                             ;                                       ;
; Combinational ALUT usage for logic          ; 99                                    ;
;     -- 7 input functions                    ; 6                                     ;
;     -- 6 input functions                    ; 12                                    ;
;     -- 5 input functions                    ; 13                                    ;
;     -- 4 input functions                    ; 25                                    ;
;     -- <=3 input functions                  ; 43                                    ;
;                                             ;                                       ;
; Dedicated logic registers                   ; 24                                    ;
;                                             ;                                       ;
; I/O pins                                    ; 29                                    ;
;                                             ;                                       ;
; Total DSP Blocks                            ; 1                                     ;
;                                             ;                                       ;
; Maximum fan-out node                        ; RegistroCargaInput:regCargaIn|saux[7] ;
; Maximum fan-out                             ; 23                                    ;
; Total fan-out                               ; 498                                   ;
; Average fan-out                             ; 2.74                                  ;
+---------------------------------------------+---------------------------------------+


+------------------------------------------------------------------------------------------------------------------------------------------------------------------------------------------------------------------------------------------------------------------------------------------------------------------------------------------+
; Analysis & Synthesis Resource Utilization by Entity                                                                                                                                                                                                                                                                                      ;
+----------------------------------------------+---------------------+---------------------------+-------------------+------------+------+--------------+---------------------------------------------------------------------------------------------------------------------------------------------+---------------------+--------------+
; Compilation Hierarchy Node                   ; Combinational ALUTs ; Dedicated Logic Registers ; Block Memory Bits ; DSP Blocks ; Pins ; Virtual Pins ; Full Hierarchy Name                                                                                                                         ; Entity Name         ; Library Name ;
+----------------------------------------------+---------------------+---------------------------+-------------------+------------+------+--------------+---------------------------------------------------------------------------------------------------------------------------------------------+---------------------+--------------+
; |RegistroCargaTop                            ; 99 (0)              ; 24 (0)                    ; 0                 ; 1          ; 29   ; 0            ; |RegistroCargaTop                                                                                                                           ; RegistroCargaTop    ; work         ;
;    |ALU:alu_|                                ; 53 (0)              ; 0 (0)                     ; 0                 ; 1          ; 0    ; 0            ; |RegistroCargaTop|ALU:alu_                                                                                                                  ; ALU                 ; work         ;
;       |Division:divisor|                     ; 23 (0)              ; 0 (0)                     ; 0                 ; 0          ; 0    ; 0            ; |RegistroCargaTop|ALU:alu_|Division:divisor                                                                                                 ; Division            ; work         ;
;          |lpm_divide:Div0|                   ; 23 (0)              ; 0 (0)                     ; 0                 ; 0          ; 0    ; 0            ; |RegistroCargaTop|ALU:alu_|Division:divisor|lpm_divide:Div0                                                                                 ; lpm_divide          ; work         ;
;             |lpm_divide_1am:auto_generated|  ; 23 (0)              ; 0 (0)                     ; 0                 ; 0          ; 0    ; 0            ; |RegistroCargaTop|ALU:alu_|Division:divisor|lpm_divide:Div0|lpm_divide_1am:auto_generated                                                   ; lpm_divide_1am      ; work         ;
;                |sign_div_unsign_7kh:divider| ; 23 (0)              ; 0 (0)                     ; 0                 ; 0          ; 0    ; 0            ; |RegistroCargaTop|ALU:alu_|Division:divisor|lpm_divide:Div0|lpm_divide_1am:auto_generated|sign_div_unsign_7kh:divider                       ; sign_div_unsign_7kh ; work         ;
;                   |alt_u_div_kse:divider|    ; 23 (23)             ; 0 (0)                     ; 0                 ; 0          ; 0    ; 0            ; |RegistroCargaTop|ALU:alu_|Division:divisor|lpm_divide:Div0|lpm_divide_1am:auto_generated|sign_div_unsign_7kh:divider|alt_u_div_kse:divider ; alt_u_div_kse       ; work         ;
;       |Modulo:modulador|                     ; 22 (0)              ; 0 (0)                     ; 0                 ; 0          ; 0    ; 0            ; |RegistroCargaTop|ALU:alu_|Modulo:modulador                                                                                                 ; Modulo              ; work         ;
;          |lpm_divide:Mod0|                   ; 22 (0)              ; 0 (0)                     ; 0                 ; 0          ; 0    ; 0            ; |RegistroCargaTop|ALU:alu_|Modulo:modulador|lpm_divide:Mod0                                                                                 ; lpm_divide          ; work         ;
;             |lpm_divide_42m:auto_generated|  ; 22 (0)              ; 0 (0)                     ; 0                 ; 0          ; 0    ; 0            ; |RegistroCargaTop|ALU:alu_|Modulo:modulador|lpm_divide:Mod0|lpm_divide_42m:auto_generated                                                   ; lpm_divide_42m      ; work         ;
;                |sign_div_unsign_7kh:divider| ; 22 (0)              ; 0 (0)                     ; 0                 ; 0          ; 0    ; 0            ; |RegistroCargaTop|ALU:alu_|Modulo:modulador|lpm_divide:Mod0|lpm_divide_42m:auto_generated|sign_div_unsign_7kh:divider                       ; sign_div_unsign_7kh ; work         ;
;                   |alt_u_div_kse:divider|    ; 22 (22)             ; 0 (0)                     ; 0                 ; 0          ; 0    ; 0            ; |RegistroCargaTop|ALU:alu_|Modulo:modulador|lpm_divide:Mod0|lpm_divide_42m:auto_generated|sign_div_unsign_7kh:divider|alt_u_div_kse:divider ; alt_u_div_kse       ; work         ;
;       |Multiplicacion:multiplicador|         ; 0 (0)               ; 0 (0)                     ; 0                 ; 1          ; 0    ; 0            ; |RegistroCargaTop|ALU:alu_|Multiplicacion:multiplicador                                                                                     ; Multiplicacion      ; work         ;
;       |OrN:orer|                             ; 2 (2)               ; 0 (0)                     ; 0                 ; 0          ; 0    ; 0            ; |RegistroCargaTop|ALU:alu_|OrN:orer                                                                                                         ; OrN                 ; work         ;
;       |Resta:restador|                       ; 6 (6)               ; 0 (0)                     ; 0                 ; 0          ; 0    ; 0            ; |RegistroCargaTop|ALU:alu_|Resta:restador                                                                                                   ; Resta               ; work         ;
;    |Button_Switch:button1|                   ; 1 (1)               ; 1 (1)                     ; 0                 ; 0          ; 0    ; 0            ; |RegistroCargaTop|Button_Switch:button1                                                                                                     ; Button_Switch       ; work         ;
;    |Button_Switch:button2|                   ; 1 (1)               ; 1 (1)                     ; 0                 ; 0          ; 0    ; 0            ; |RegistroCargaTop|Button_Switch:button2                                                                                                     ; Button_Switch       ; work         ;
;    |Button_Switch:button3|                   ; 1 (1)               ; 1 (1)                     ; 0                 ; 0          ; 0    ; 0            ; |RegistroCargaTop|Button_Switch:button3                                                                                                     ; Button_Switch       ; work         ;
;    |Button_Switch:button4|                   ; 1 (1)               ; 1 (1)                     ; 0                 ; 0          ; 0    ; 0            ; |RegistroCargaTop|Button_Switch:button4                                                                                                     ; Button_Switch       ; work         ;
;    |DisplayHex:display2|                     ; 7 (7)               ; 0 (0)                     ; 0                 ; 0          ; 0    ; 0            ; |RegistroCargaTop|DisplayHex:display2                                                                                                       ; DisplayHex          ; work         ;
;    |Mux:mux_|                                ; 22 (22)             ; 0 (0)                     ; 0                 ; 0          ; 0    ; 0            ; |RegistroCargaTop|Mux:mux_                                                                                                                  ; Mux                 ; work         ;
;    |RegistroCargaInput:regCargaIn|           ; 0 (0)               ; 12 (12)                   ; 0                 ; 0          ; 0    ; 0            ; |RegistroCargaTop|RegistroCargaInput:regCargaIn                                                                                             ; RegistroCargaInput  ; work         ;
;    |RegistroCargaOutput:regCargaOut|         ; 0 (0)               ; 8 (8)                     ; 0                 ; 0          ; 0    ; 0            ; |RegistroCargaTop|RegistroCargaOutput:regCargaOut                                                                                           ; RegistroCargaOutput ; work         ;
;    |flag_detector:flag_dec|                  ; 13 (11)             ; 0 (0)                     ; 0                 ; 0          ; 0    ; 0            ; |RegistroCargaTop|flag_detector:flag_dec                                                                                                    ; flag_detector       ; work         ;
;       |Overflow:overflow|                    ; 2 (2)               ; 0 (0)                     ; 0                 ; 0          ; 0    ; 0            ; |RegistroCargaTop|flag_detector:flag_dec|Overflow:overflow                                                                                  ; Overflow            ; work         ;
+----------------------------------------------+---------------------+---------------------------+-------------------+------------+------+--------------+---------------------------------------------------------------------------------------------------------------------------------------------+---------------------+--------------+
Note: For table entries with two numbers listed, the numbers in parentheses indicate the number of resources of the given type used by the specific entity alone. The numbers listed outside of parentheses indicate the total resources of the given type used by the specific entity and all of its sub-entities in the hierarchy.


+-----------------------------------------------+
; Analysis & Synthesis DSP Block Usage Summary  ;
+---------------------------------+-------------+
; Statistic                       ; Number Used ;
+---------------------------------+-------------+
; Independent 9x9                 ; 1           ;
; Total number of DSP blocks      ; 1           ;
;                                 ;             ;
; Fixed Point Unsigned Multiplier ; 1           ;
+---------------------------------+-------------+


+------------------------------------------------------+
; General Register Statistics                          ;
+----------------------------------------------+-------+
; Statistic                                    ; Value ;
+----------------------------------------------+-------+
; Total registers                              ; 24    ;
; Number of registers using Synchronous Clear  ; 0     ;
; Number of registers using Synchronous Load   ; 0     ;
; Number of registers using Asynchronous Clear ; 20    ;
; Number of registers using Asynchronous Load  ; 0     ;
; Number of registers using Clock Enable       ; 0     ;
; Number of registers using Preset             ; 0     ;
+----------------------------------------------+-------+


+-----------------------------------------------------------------------------------------------------------------------------------------------+
; Multiplexer Restructuring Statistics (Restructuring Performed)                                                                                ;
+--------------------+-----------+---------------+----------------------+------------------------+------------+---------------------------------+
; Multiplexer Inputs ; Bus Width ; Baseline Area ; Area if Restructured ; Saving if Restructured ; Registered ; Example Multiplexer Output      ;
+--------------------+-----------+---------------+----------------------+------------------------+------------+---------------------------------+
; 3:1                ; 3 bits    ; 6 LEs         ; 6 LEs                ; 0 LEs                  ; No         ; |RegistroCargaTop|Mux:mux_|Mux4 ;
+--------------------+-----------+---------------+----------------------+------------------------+------------+---------------------------------+


+----------------------------------------------------------------------------------+
; Parameter Settings for User Entity Instance: Top-level Entity: |RegistroCargaTop ;
+----------------+-------+---------------------------------------------------------+
; Parameter Name ; Value ; Type                                                    ;
+----------------+-------+---------------------------------------------------------+
; N              ; 4     ; Signed Integer                                          ;
+----------------+-------+---------------------------------------------------------+
Note: In order to hide this table in the UI and the text report file, please set the "Show Parameter Settings in Synthesis Report" option in "Analysis and Synthesis Settings -> More Settings" to "Off".


+----------------------------------------------------------------------------+
; Parameter Settings for User Entity Instance: RegistroCargaInput:regCargaIn ;
+----------------+-------+---------------------------------------------------+
; Parameter Name ; Value ; Type                                              ;
+----------------+-------+---------------------------------------------------+
; N              ; 4     ; Signed Integer                                    ;
+----------------+-------+---------------------------------------------------+
Note: In order to hide this table in the UI and the text report file, please set the "Show Parameter Settings in Synthesis Report" option in "Analysis and Synthesis Settings -> More Settings" to "Off".


+-------------------------------------------------------+
; Parameter Settings for User Entity Instance: ALU:alu_ ;
+----------------+-------+------------------------------+
; Parameter Name ; Value ; Type                         ;
+----------------+-------+------------------------------+
; N              ; 4     ; Signed Integer               ;
+----------------+-------+------------------------------+
Note: In order to hide this table in the UI and the text report file, please set the "Show Parameter Settings in Synthesis Report" option in "Analysis and Synthesis Settings -> More Settings" to "Off".


+--------------------------------------------------------------------+
; Parameter Settings for User Entity Instance: ALU:alu_|Suma:sumador ;
+----------------+-------+-------------------------------------------+
; Parameter Name ; Value ; Type                                      ;
+----------------+-------+-------------------------------------------+
; N              ; 4     ; Signed Integer                            ;
+----------------+-------+-------------------------------------------+
Note: In order to hide this table in the UI and the text report file, please set the "Show Parameter Settings in Synthesis Report" option in "Analysis and Synthesis Settings -> More Settings" to "Off".


+----------------------------------------------------------------------+
; Parameter Settings for User Entity Instance: ALU:alu_|Resta:restador ;
+----------------+-------+---------------------------------------------+
; Parameter Name ; Value ; Type                                        ;
+----------------+-------+---------------------------------------------+
; N              ; 4     ; Signed Integer                              ;
+----------------+-------+---------------------------------------------+
Note: In order to hide this table in the UI and the text report file, please set the "Show Parameter Settings in Synthesis Report" option in "Analysis and Synthesis Settings -> More Settings" to "Off".


+------------------------------------------------------------------------+
; Parameter Settings for User Entity Instance: ALU:alu_|Modulo:modulador ;
+----------------+-------+-----------------------------------------------+
; Parameter Name ; Value ; Type                                          ;
+----------------+-------+-----------------------------------------------+
; N              ; 4     ; Signed Integer                                ;
+----------------+-------+-----------------------------------------------+
Note: In order to hide this table in the UI and the text report file, please set the "Show Parameter Settings in Synthesis Report" option in "Analysis and Synthesis Settings -> More Settings" to "Off".


+------------------------------------------------------------------------------------+
; Parameter Settings for User Entity Instance: ALU:alu_|Multiplicacion:multiplicador ;
+----------------+-------+-----------------------------------------------------------+
; Parameter Name ; Value ; Type                                                      ;
+----------------+-------+-----------------------------------------------------------+
; N              ; 4     ; Signed Integer                                            ;
+----------------+-------+-----------------------------------------------------------+
Note: In order to hide this table in the UI and the text report file, please set the "Show Parameter Settings in Synthesis Report" option in "Analysis and Synthesis Settings -> More Settings" to "Off".


+------------------------------------------------------------------------+
; Parameter Settings for User Entity Instance: ALU:alu_|Division:divisor ;
+----------------+-------+-----------------------------------------------+
; Parameter Name ; Value ; Type                                          ;
+----------------+-------+-----------------------------------------------+
; N              ; 4     ; Signed Integer                                ;
+----------------+-------+-----------------------------------------------+
Note: In order to hide this table in the UI and the text report file, please set the "Show Parameter Settings in Synthesis Report" option in "Analysis and Synthesis Settings -> More Settings" to "Off".


+------------------------------------------------------------------+
; Parameter Settings for User Entity Instance: ALU:alu_|AndN:ander ;
+----------------+-------+-----------------------------------------+
; Parameter Name ; Value ; Type                                    ;
+----------------+-------+-----------------------------------------+
; N              ; 4     ; Signed Integer                          ;
+----------------+-------+-----------------------------------------+
Note: In order to hide this table in the UI and the text report file, please set the "Show Parameter Settings in Synthesis Report" option in "Analysis and Synthesis Settings -> More Settings" to "Off".


+----------------------------------------------------------------+
; Parameter Settings for User Entity Instance: ALU:alu_|OrN:orer ;
+----------------+-------+---------------------------------------+
; Parameter Name ; Value ; Type                                  ;
+----------------+-------+---------------------------------------+
; N              ; 4     ; Signed Integer                        ;
+----------------+-------+---------------------------------------+
Note: In order to hide this table in the UI and the text report file, please set the "Show Parameter Settings in Synthesis Report" option in "Analysis and Synthesis Settings -> More Settings" to "Off".


+------------------------------------------------------------------+
; Parameter Settings for User Entity Instance: ALU:alu_|XorN:xorer ;
+----------------+-------+-----------------------------------------+
; Parameter Name ; Value ; Type                                    ;
+----------------+-------+-----------------------------------------+
; N              ; 4     ; Signed Integer                          ;
+----------------+-------+-----------------------------------------+
Note: In order to hide this table in the UI and the text report file, please set the "Show Parameter Settings in Synthesis Report" option in "Analysis and Synthesis Settings -> More Settings" to "Off".


+--------------------------------------------------------------------------+
; Parameter Settings for User Entity Instance: ALU:alu_|LeftShift:lShifter ;
+----------------+-------+-------------------------------------------------+
; Parameter Name ; Value ; Type                                            ;
+----------------+-------+-------------------------------------------------+
; N              ; 4     ; Signed Integer                                  ;
+----------------+-------+-------------------------------------------------+
Note: In order to hide this table in the UI and the text report file, please set the "Show Parameter Settings in Synthesis Report" option in "Analysis and Synthesis Settings -> More Settings" to "Off".


+---------------------------------------------------------------------------+
; Parameter Settings for User Entity Instance: ALU:alu_|RightShift:rShifter ;
+----------------+-------+--------------------------------------------------+
; Parameter Name ; Value ; Type                                             ;
+----------------+-------+--------------------------------------------------+
; N              ; 4     ; Signed Integer                                   ;
+----------------+-------+--------------------------------------------------+
Note: In order to hide this table in the UI and the text report file, please set the "Show Parameter Settings in Synthesis Report" option in "Analysis and Synthesis Settings -> More Settings" to "Off".


+-------------------------------------------------------+
; Parameter Settings for User Entity Instance: Mux:mux_ ;
+----------------+-------+------------------------------+
; Parameter Name ; Value ; Type                         ;
+----------------+-------+------------------------------+
; N              ; 4     ; Signed Integer               ;
+----------------+-------+------------------------------+
Note: In order to hide this table in the UI and the text report file, please set the "Show Parameter Settings in Synthesis Report" option in "Analysis and Synthesis Settings -> More Settings" to "Off".


+---------------------------------------------------------------------+
; Parameter Settings for User Entity Instance: flag_detector:flag_dec ;
+----------------+-------+--------------------------------------------+
; Parameter Name ; Value ; Type                                       ;
+----------------+-------+--------------------------------------------+
; N              ; 4     ; Signed Integer                             ;
+----------------+-------+--------------------------------------------+
Note: In order to hide this table in the UI and the text report file, please set the "Show Parameter Settings in Synthesis Report" option in "Analysis and Synthesis Settings -> More Settings" to "Off".


+------------------------------------------------------------------------------+
; Parameter Settings for User Entity Instance: RegistroCargaOutput:regCargaOut ;
+----------------+-------+-----------------------------------------------------+
; Parameter Name ; Value ; Type                                                ;
+----------------+-------+-----------------------------------------------------+
; N              ; 4     ; Signed Integer                                      ;
+----------------+-------+-----------------------------------------------------+
Note: In order to hide this table in the UI and the text report file, please set the "Show Parameter Settings in Synthesis Report" option in "Analysis and Synthesis Settings -> More Settings" to "Off".


+--------------------------------------------------------------------------------------------+
; Parameter Settings for Inferred Entity Instance: ALU:alu_|Division:divisor|lpm_divide:Div0 ;
+------------------------+----------------+--------------------------------------------------+
; Parameter Name         ; Value          ; Type                                             ;
+------------------------+----------------+--------------------------------------------------+
; LPM_WIDTHN             ; 4              ; Untyped                                          ;
; LPM_WIDTHD             ; 4              ; Untyped                                          ;
; LPM_NREPRESENTATION    ; UNSIGNED       ; Untyped                                          ;
; LPM_DREPRESENTATION    ; UNSIGNED       ; Untyped                                          ;
; LPM_PIPELINE           ; 0              ; Untyped                                          ;
; LPM_REMAINDERPOSITIVE  ; TRUE           ; Untyped                                          ;
; MAXIMIZE_SPEED         ; 5              ; Untyped                                          ;
; CBXI_PARAMETER         ; lpm_divide_1am ; Untyped                                          ;
; CARRY_CHAIN            ; MANUAL         ; Untyped                                          ;
; OPTIMIZE_FOR_SPEED     ; 5              ; Untyped                                          ;
; AUTO_CARRY_CHAINS      ; ON             ; AUTO_CARRY                                       ;
; IGNORE_CARRY_BUFFERS   ; OFF            ; IGNORE_CARRY                                     ;
; AUTO_CASCADE_CHAINS    ; ON             ; AUTO_CASCADE                                     ;
; IGNORE_CASCADE_BUFFERS ; OFF            ; IGNORE_CASCADE                                   ;
+------------------------+----------------+--------------------------------------------------+
Note: In order to hide this table in the UI and the text report file, please set the "Show Parameter Settings in Synthesis Report" option in "Analysis and Synthesis Settings -> More Settings" to "Off".


+--------------------------------------------------------------------------------------------+
; Parameter Settings for Inferred Entity Instance: ALU:alu_|Modulo:modulador|lpm_divide:Mod0 ;
+------------------------+----------------+--------------------------------------------------+
; Parameter Name         ; Value          ; Type                                             ;
+------------------------+----------------+--------------------------------------------------+
; LPM_WIDTHN             ; 4              ; Untyped                                          ;
; LPM_WIDTHD             ; 4              ; Untyped                                          ;
; LPM_NREPRESENTATION    ; UNSIGNED       ; Untyped                                          ;
; LPM_DREPRESENTATION    ; UNSIGNED       ; Untyped                                          ;
; LPM_PIPELINE           ; 0              ; Untyped                                          ;
; LPM_REMAINDERPOSITIVE  ; TRUE           ; Untyped                                          ;
; MAXIMIZE_SPEED         ; 5              ; Untyped                                          ;
; CBXI_PARAMETER         ; lpm_divide_42m ; Untyped                                          ;
; CARRY_CHAIN            ; MANUAL         ; Untyped                                          ;
; OPTIMIZE_FOR_SPEED     ; 5              ; Untyped                                          ;
; AUTO_CARRY_CHAINS      ; ON             ; AUTO_CARRY                                       ;
; IGNORE_CARRY_BUFFERS   ; OFF            ; IGNORE_CARRY                                     ;
; AUTO_CASCADE_CHAINS    ; ON             ; AUTO_CASCADE                                     ;
; IGNORE_CASCADE_BUFFERS ; OFF            ; IGNORE_CASCADE                                   ;
+------------------------+----------------+--------------------------------------------------+
Note: In order to hide this table in the UI and the text report file, please set the "Show Parameter Settings in Synthesis Report" option in "Analysis and Synthesis Settings -> More Settings" to "Off".


+----------------------------------------------------------------------------------------------------------------+
; Port Connectivity Checks: "RegistroCargaOutput:regCargaOut"                                                    ;
+------+--------+----------+-------------------------------------------------------------------------------------+
; Port ; Type   ; Severity ; Details                                                                             ;
+------+--------+----------+-------------------------------------------------------------------------------------+
; s[4] ; Output ; Info     ; Connected to dangling logic. Logic that only feeds a dangling port will be removed. ;
+------+--------+----------+-------------------------------------------------------------------------------------+


+-----------------------------------------------------+
; Post-Synthesis Netlist Statistics for Top Partition ;
+-----------------------+-----------------------------+
; Type                  ; Count                       ;
+-----------------------+-----------------------------+
; arriav_ff             ; 24                          ;
;     CLR               ; 20                          ;
;     plain             ; 4                           ;
; arriav_lcell_comb     ; 99                          ;
;     arith             ; 18                          ;
;         0 data inputs ; 4                           ;
;         1 data inputs ; 2                           ;
;         2 data inputs ; 2                           ;
;         3 data inputs ; 4                           ;
;         5 data inputs ; 6                           ;
;     extend            ; 6                           ;
;         7 data inputs ; 6                           ;
;     normal            ; 57                          ;
;         1 data inputs ; 4                           ;
;         2 data inputs ; 7                           ;
;         3 data inputs ; 8                           ;
;         4 data inputs ; 19                          ;
;         5 data inputs ; 7                           ;
;         6 data inputs ; 12                          ;
;     shared            ; 18                          ;
;         0 data inputs ; 6                           ;
;         2 data inputs ; 6                           ;
;         4 data inputs ; 6                           ;
; arriav_mac            ; 1                           ;
; boundary_port         ; 29                          ;
;                       ;                             ;
; Max LUT depth         ; 11.50                       ;
; Average LUT depth     ; 6.86                        ;
+-----------------------+-----------------------------+


+-------------------------------+
; Elapsed Time Per Partition    ;
+----------------+--------------+
; Partition Name ; Elapsed Time ;
+----------------+--------------+
; Top            ; 00:00:01     ;
+----------------+--------------+


+-------------------------------+
; Analysis & Synthesis Messages ;
+-------------------------------+
Info: *******************************************************************
Info: Running Quartus Prime Analysis & Synthesis
    Info: Version 20.1.1 Build 720 11/11/2020 SJ Lite Edition
    Info: Processing started: Tue Sep 06 10:32:25 2022
Info: Command: quartus_map --read_settings_files=on --write_settings_files=off Problema_2 -c Problema_2
Warning (18236): Number of processors has not been specified which may cause overloading on shared machines.  Set the global assignment NUM_PARALLEL_PROCESSORS in your QSF to an appropriate value for best performance.
Info (20030): Parallel compilation is enabled and will use 8 of the 8 processors detected
Info (12021): Found 1 design units, including 1 entities, in source file xorn.sv
    Info (12023): Found entity 1: XorN File: C:/Users/Usuario/Documents/GitHub/Lab03_TallerDisenio/Problema_2/XorN.sv Line: 1
Info (12021): Found 1 design units, including 1 entities, in source file testcalcu.sv
    Info (12023): Found entity 1: testCalcu File: C:/Users/Usuario/Documents/GitHub/Lab03_TallerDisenio/Problema_2/testCalcu.sv Line: 1
Info (12021): Found 1 design units, including 1 entities, in source file suma.sv
    Info (12023): Found entity 1: Suma File: C:/Users/Usuario/Documents/GitHub/Lab03_TallerDisenio/Problema_2/Suma.sv Line: 1
Info (12021): Found 1 design units, including 1 entities, in source file rightshift.sv
    Info (12023): Found entity 1: RightShift File: C:/Users/Usuario/Documents/GitHub/Lab03_TallerDisenio/Problema_2/RightShift.sv Line: 1
Info (12021): Found 1 design units, including 1 entities, in source file resta.sv
    Info (12023): Found entity 1: Resta File: C:/Users/Usuario/Documents/GitHub/Lab03_TallerDisenio/Problema_2/Resta.sv Line: 1
Info (12021): Found 1 design units, including 1 entities, in source file overflow.sv
    Info (12023): Found entity 1: Overflow File: C:/Users/Usuario/Documents/GitHub/Lab03_TallerDisenio/Problema_2/Overflow.sv Line: 1
Info (12021): Found 1 design units, including 1 entities, in source file orn.sv
    Info (12023): Found entity 1: OrN File: C:/Users/Usuario/Documents/GitHub/Lab03_TallerDisenio/Problema_2/OrN.sv Line: 1
Warning (12090): Entity "Mux" obtained from "Mux.sv" instead of from Quartus Prime megafunction library File: C:/Users/Usuario/Documents/GitHub/Lab03_TallerDisenio/Problema_2/Mux.sv Line: 3
Info (12021): Found 1 design units, including 1 entities, in source file mux.sv
    Info (12023): Found entity 1: Mux File: C:/Users/Usuario/Documents/GitHub/Lab03_TallerDisenio/Problema_2/Mux.sv Line: 3
Info (12021): Found 1 design units, including 1 entities, in source file multiplicacion.sv
    Info (12023): Found entity 1: Multiplicacion File: C:/Users/Usuario/Documents/GitHub/Lab03_TallerDisenio/Problema_2/Multiplicacion.sv Line: 1
Info (12021): Found 1 design units, including 1 entities, in source file modulo.sv
    Info (12023): Found entity 1: Modulo File: C:/Users/Usuario/Documents/GitHub/Lab03_TallerDisenio/Problema_2/Modulo.sv Line: 1
Info (12021): Found 1 design units, including 1 entities, in source file leftshift.sv
    Info (12023): Found entity 1: LeftShift File: C:/Users/Usuario/Documents/GitHub/Lab03_TallerDisenio/Problema_2/LeftShift.sv Line: 1
Info (12021): Found 1 design units, including 1 entities, in source file flag_detector.sv
    Info (12023): Found entity 1: flag_detector File: C:/Users/Usuario/Documents/GitHub/Lab03_TallerDisenio/Problema_2/flag_detector.sv Line: 1
Info (12021): Found 1 design units, including 1 entities, in source file division.sv
    Info (12023): Found entity 1: Division File: C:/Users/Usuario/Documents/GitHub/Lab03_TallerDisenio/Problema_2/Division.sv Line: 1
Info (12021): Found 1 design units, including 1 entities, in source file displayhex.sv
    Info (12023): Found entity 1: DisplayHex File: C:/Users/Usuario/Documents/GitHub/Lab03_TallerDisenio/Problema_2/DisplayHex.sv Line: 2
Info (12021): Found 1 design units, including 1 entities, in source file comparador.sv
    Info (12023): Found entity 1: Comparador File: C:/Users/Usuario/Documents/GitHub/Lab03_TallerDisenio/Problema_2/Comparador.sv Line: 1
Info (12021): Found 1 design units, including 1 entities, in source file calcu.sv
    Info (12023): Found entity 1: Calcu File: C:/Users/Usuario/Documents/GitHub/Lab03_TallerDisenio/Problema_2/Calcu.sv Line: 1
Info (12021): Found 1 design units, including 1 entities, in source file button_switch.sv
    Info (12023): Found entity 1: Button_Switch File: C:/Users/Usuario/Documents/GitHub/Lab03_TallerDisenio/Problema_2/Button_Switch.sv Line: 1
Info (12021): Found 1 design units, including 1 entities, in source file andn.sv
    Info (12023): Found entity 1: AndN File: C:/Users/Usuario/Documents/GitHub/Lab03_TallerDisenio/Problema_2/AndN.sv Line: 1
Info (12021): Found 1 design units, including 1 entities, in source file alu.sv
    Info (12023): Found entity 1: ALU File: C:/Users/Usuario/Documents/GitHub/Lab03_TallerDisenio/Problema_2/ALU.sv Line: 1
Info (12021): Found 1 design units, including 1 entities, in source file registrocargainput.sv
    Info (12023): Found entity 1: RegistroCargaInput File: C:/Users/Usuario/Documents/GitHub/Lab03_TallerDisenio/Problema_2/RegistroCargaInput.sv Line: 1
Info (12021): Found 1 design units, including 1 entities, in source file registrocargaouput.sv
    Info (12023): Found entity 1: RegistroCargaOutput File: C:/Users/Usuario/Documents/GitHub/Lab03_TallerDisenio/Problema_2/RegistroCargaOuput.sv Line: 1
Info (12021): Found 1 design units, including 1 entities, in source file registrocargatop.sv
    Info (12023): Found entity 1: RegistroCargaTop File: C:/Users/Usuario/Documents/GitHub/Lab03_TallerDisenio/Problema_2/RegistroCargaTop.sv Line: 1
Info (12021): Found 1 design units, including 1 entities, in source file registrocargatest.sv
    Info (12023): Found entity 1: RegistroCargaTest File: C:/Users/Usuario/Documents/GitHub/Lab03_TallerDisenio/Problema_2/RegistroCargaTest.sv Line: 1
Info (12127): Elaborating entity "RegistroCargaTop" for the top level hierarchy
Info (12128): Elaborating entity "Button_Switch" for hierarchy "Button_Switch:button1" File: C:/Users/Usuario/Documents/GitHub/Lab03_TallerDisenio/Problema_2/RegistroCargaTop.sv Line: 16
Info (12128): Elaborating entity "RegistroCargaInput" for hierarchy "RegistroCargaInput:regCargaIn" File: C:/Users/Usuario/Documents/GitHub/Lab03_TallerDisenio/Problema_2/RegistroCargaTop.sv Line: 22
Info (12128): Elaborating entity "ALU" for hierarchy "ALU:alu_" File: C:/Users/Usuario/Documents/GitHub/Lab03_TallerDisenio/Problema_2/RegistroCargaTop.sv Line: 31
Info (12128): Elaborating entity "Suma" for hierarchy "ALU:alu_|Suma:sumador" File: C:/Users/Usuario/Documents/GitHub/Lab03_TallerDisenio/Problema_2/ALU.sv Line: 4
Info (12128): Elaborating entity "Resta" for hierarchy "ALU:alu_|Resta:restador" File: C:/Users/Usuario/Documents/GitHub/Lab03_TallerDisenio/Problema_2/ALU.sv Line: 5
Info (12128): Elaborating entity "Modulo" for hierarchy "ALU:alu_|Modulo:modulador" File: C:/Users/Usuario/Documents/GitHub/Lab03_TallerDisenio/Problema_2/ALU.sv Line: 6
Info (12128): Elaborating entity "Multiplicacion" for hierarchy "ALU:alu_|Multiplicacion:multiplicador" File: C:/Users/Usuario/Documents/GitHub/Lab03_TallerDisenio/Problema_2/ALU.sv Line: 7
Info (12128): Elaborating entity "Division" for hierarchy "ALU:alu_|Division:divisor" File: C:/Users/Usuario/Documents/GitHub/Lab03_TallerDisenio/Problema_2/ALU.sv Line: 8
Info (12128): Elaborating entity "AndN" for hierarchy "ALU:alu_|AndN:ander" File: C:/Users/Usuario/Documents/GitHub/Lab03_TallerDisenio/Problema_2/ALU.sv Line: 10
Info (12128): Elaborating entity "OrN" for hierarchy "ALU:alu_|OrN:orer" File: C:/Users/Usuario/Documents/GitHub/Lab03_TallerDisenio/Problema_2/ALU.sv Line: 11
Info (12128): Elaborating entity "XorN" for hierarchy "ALU:alu_|XorN:xorer" File: C:/Users/Usuario/Documents/GitHub/Lab03_TallerDisenio/Problema_2/ALU.sv Line: 12
Info (12128): Elaborating entity "LeftShift" for hierarchy "ALU:alu_|LeftShift:lShifter" File: C:/Users/Usuario/Documents/GitHub/Lab03_TallerDisenio/Problema_2/ALU.sv Line: 13
Info (12128): Elaborating entity "RightShift" for hierarchy "ALU:alu_|RightShift:rShifter" File: C:/Users/Usuario/Documents/GitHub/Lab03_TallerDisenio/Problema_2/ALU.sv Line: 14
Info (12128): Elaborating entity "Mux" for hierarchy "Mux:mux_" File: C:/Users/Usuario/Documents/GitHub/Lab03_TallerDisenio/Problema_2/RegistroCargaTop.sv Line: 32
Info (12128): Elaborating entity "flag_detector" for hierarchy "flag_detector:flag_dec" File: C:/Users/Usuario/Documents/GitHub/Lab03_TallerDisenio/Problema_2/RegistroCargaTop.sv Line: 33
Warning (10230): Verilog HDL assignment warning at flag_detector.sv(31): truncated value with size 32 to match size of target (5) File: C:/Users/Usuario/Documents/GitHub/Lab03_TallerDisenio/Problema_2/flag_detector.sv Line: 31
Info (12128): Elaborating entity "Overflow" for hierarchy "flag_detector:flag_dec|Overflow:overflow" File: C:/Users/Usuario/Documents/GitHub/Lab03_TallerDisenio/Problema_2/flag_detector.sv Line: 3
Info (12128): Elaborating entity "RegistroCargaOutput" for hierarchy "RegistroCargaOutput:regCargaOut" File: C:/Users/Usuario/Documents/GitHub/Lab03_TallerDisenio/Problema_2/RegistroCargaTop.sv Line: 36
Info (12128): Elaborating entity "DisplayHex" for hierarchy "DisplayHex:display2" File: C:/Users/Usuario/Documents/GitHub/Lab03_TallerDisenio/Problema_2/RegistroCargaTop.sv Line: 40
Info (278001): Inferred 2 megafunctions from design logic
    Info (278004): Inferred divider/modulo megafunction ("lpm_divide") from the following logic: "ALU:alu_|Division:divisor|Div0" File: C:/Users/Usuario/Documents/GitHub/Lab03_TallerDisenio/Problema_2/Division.sv Line: 2
    Info (278004): Inferred divider/modulo megafunction ("lpm_divide") from the following logic: "ALU:alu_|Modulo:modulador|Mod0" File: C:/Users/Usuario/Documents/GitHub/Lab03_TallerDisenio/Problema_2/Modulo.sv Line: 2
Info (12130): Elaborated megafunction instantiation "ALU:alu_|Division:divisor|lpm_divide:Div0" File: C:/Users/Usuario/Documents/GitHub/Lab03_TallerDisenio/Problema_2/Division.sv Line: 2
Info (12133): Instantiated megafunction "ALU:alu_|Division:divisor|lpm_divide:Div0" with the following parameter: File: C:/Users/Usuario/Documents/GitHub/Lab03_TallerDisenio/Problema_2/Division.sv Line: 2
    Info (12134): Parameter "LPM_WIDTHN" = "4"
    Info (12134): Parameter "LPM_WIDTHD" = "4"
    Info (12134): Parameter "LPM_NREPRESENTATION" = "UNSIGNED"
    Info (12134): Parameter "LPM_DREPRESENTATION" = "UNSIGNED"
Info (12021): Found 1 design units, including 1 entities, in source file db/lpm_divide_1am.tdf
    Info (12023): Found entity 1: lpm_divide_1am File: C:/Users/Usuario/Documents/GitHub/Lab03_TallerDisenio/Problema_2/db/lpm_divide_1am.tdf Line: 25
Info (12021): Found 1 design units, including 1 entities, in source file db/sign_div_unsign_7kh.tdf
    Info (12023): Found entity 1: sign_div_unsign_7kh File: C:/Users/Usuario/Documents/GitHub/Lab03_TallerDisenio/Problema_2/db/sign_div_unsign_7kh.tdf Line: 25
Info (12021): Found 1 design units, including 1 entities, in source file db/alt_u_div_kse.tdf
    Info (12023): Found entity 1: alt_u_div_kse File: C:/Users/Usuario/Documents/GitHub/Lab03_TallerDisenio/Problema_2/db/alt_u_div_kse.tdf Line: 23
Info (12130): Elaborated megafunction instantiation "ALU:alu_|Modulo:modulador|lpm_divide:Mod0" File: C:/Users/Usuario/Documents/GitHub/Lab03_TallerDisenio/Problema_2/Modulo.sv Line: 2
Info (12133): Instantiated megafunction "ALU:alu_|Modulo:modulador|lpm_divide:Mod0" with the following parameter: File: C:/Users/Usuario/Documents/GitHub/Lab03_TallerDisenio/Problema_2/Modulo.sv Line: 2
    Info (12134): Parameter "LPM_WIDTHN" = "4"
    Info (12134): Parameter "LPM_WIDTHD" = "4"
    Info (12134): Parameter "LPM_NREPRESENTATION" = "UNSIGNED"
    Info (12134): Parameter "LPM_DREPRESENTATION" = "UNSIGNED"
Info (12021): Found 1 design units, including 1 entities, in source file db/lpm_divide_42m.tdf
    Info (12023): Found entity 1: lpm_divide_42m File: C:/Users/Usuario/Documents/GitHub/Lab03_TallerDisenio/Problema_2/db/lpm_divide_42m.tdf Line: 25
Info (286030): Timing-Driven Synthesis is running
Info (16010): Generating hard_block partition "hard_block:auto_generated_inst"
    Info (16011): Adding 0 node(s), including 0 DDIO, 0 PLL, 0 transceiver and 0 LCELL
Info (21057): Implemented 143 device resources after synthesis - the final resource count might be different
    Info (21058): Implemented 14 input pins
    Info (21059): Implemented 15 output pins
    Info (21061): Implemented 113 logic cells
    Info (21062): Implemented 1 DSP elements
Info: Quartus Prime Analysis & Synthesis was successful. 0 errors, 3 warnings
    Info: Peak virtual memory: 4872 megabytes
    Info: Processing ended: Tue Sep 06 10:32:38 2022
    Info: Elapsed time: 00:00:13
    Info: Total CPU time (on all processors): 00:00:30


